\BOOKMARK [1][-]{section.1}{\320inh ngh\232a chc nang m rng}{}% 1
\BOOKMARK [2][-]{subsection.1.1}{\320ang nhp/ang xut}{section.1}% 2
\BOOKMARK [2][-]{subsection.1.2}{Gi tin nhn n Admin}{section.1}% 3
\BOOKMARK [2][-]{subsection.1.3}{Admin gi tin nhn n to\340n b ngi d\371ng}{section.1}% 4
\BOOKMARK [2][-]{subsection.1.4}{Xem trang th\341i online offline cua ngi trong list danh s\341ch}{section.1}% 5
\BOOKMARK [1][-]{section.2}{\320inh ngh\232a giao thc}{}% 6
\BOOKMARK [2][-]{subsection.2.1}{Giao thc giao tip client-server}{section.2}% 7
\BOOKMARK [1][-]{section.3}{Mi\352u ta chi tit hin thc chc nang}{}% 8
\BOOKMARK [2][-]{subsection.3.1}{\320ang nhp/ang xut ng dung.}{section.3}% 9
\BOOKMARK [2][-]{subsection.3.2}{Gi tin nhn van ban t web browser}{section.3}% 10
\BOOKMARK [2][-]{subsection.3.3}{Thay i trang th\341i hoat ng}{section.3}% 11
\BOOKMARK [1][-]{section.4}{Thit k chi tit}{}% 12
\BOOKMARK [2][-]{subsection.4.1}{Kin tr\372c tng qu\341t}{section.4}% 13
\BOOKMARK [2][-]{subsection.4.2}{Lc \040lp}{section.4}% 14
\BOOKMARK [1][-]{section.5}{\320\341nh gi\341 kt qua hin thc}{}% 15
\BOOKMARK [2][-]{subsection.5.1}{Khi ng server}{section.5}% 16
\BOOKMARK [2][-]{subsection.5.2}{\320ang nhp}{section.5}% 17
\BOOKMARK [2][-]{subsection.5.3}{Gi tin nhn}{section.5}% 18
\BOOKMARK [3][-]{subsubsection.5.3.1}{Gi tin nhn v\340o ph\362ng chat chung}{subsection.5.3}% 19
\BOOKMARK [3][-]{subsubsection.5.3.2}{Gi tin nhn ri\352ng cho user kh\341c}{subsection.5.3}% 20
\BOOKMARK [2][-]{subsection.5.4}{Chuyn trang th\341i hoat ng}{section.5}% 21
\BOOKMARK [1][-]{appendix.A}{Hng dn s dung}{}% 22
