\BOOKMARK [1][-]{section.1}{\320inh ngh\232a chc nang}{}% 1
\BOOKMARK [2][-]{subsection.1.1}{\320ang nhp/ang xut}{section.1}% 2
\BOOKMARK [2][-]{subsection.1.2}{Gi tin nhn c\364ng khai trong ph\362ng chat chung}{section.1}% 3
\BOOKMARK [2][-]{subsection.1.3}{Gi file}{section.1}% 4
\BOOKMARK [2][-]{subsection.1.4}{Xem trang th\341i online offline cua ban b\350 trong list danh s\341ch}{section.1}% 5
\BOOKMARK [2][-]{subsection.1.5}{Trao i ri\352ng t gia hai ngi d\371ng \(cn server x l\375\)}{section.1}% 6
\BOOKMARK [2][-]{subsection.1.6}{Trao i ri\352ng t trc tip gia hai ngi d\371ng \(kh\364ng th\364ng qua server\)}{section.1}% 7
\BOOKMARK [1][-]{section.2}{\320inh ngh\232a giao thc}{}% 8
\BOOKMARK [2][-]{subsection.2.1}{Giao thc giao tip client-server}{section.2}% 9
\BOOKMARK [2][-]{subsection.2.2}{Giao thc giao tip client-client}{section.2}% 10
\BOOKMARK [1][-]{section.3}{Mi\352u ta chi tit hin thc chc nang}{}% 11
\BOOKMARK [2][-]{subsection.3.1}{Chc nang tr\352n client-server}{section.3}% 12
\BOOKMARK [3][-]{subsubsection.3.1.1}{\320ang nhp/ang xut ng dung.}{subsection.3.1}% 13
\BOOKMARK [3][-]{subsubsection.3.1.2}{Thay i trang th\341i hoat ng}{subsection.3.1}% 14
\BOOKMARK [3][-]{subsubsection.3.1.3}{Gi c\364ng khai tin nhn van ban/anh/\342m thanh}{subsection.3.1}% 15
\BOOKMARK [3][-]{subsubsection.3.1.4}{Gi ri\352ng t tin nhn van ban hoc anh hoc \342m thanh.}{subsection.3.1}% 16
\BOOKMARK [3][-]{subsubsection.3.1.5}{Y\352u cu m/tt giao tip UDP gia 2 client}{subsection.3.1}% 17
\BOOKMARK [2][-]{subsection.3.2}{C\341c chc nang tr\352n client-client}{section.3}% 18
\BOOKMARK [3][-]{subsubsection.3.2.1}{Gi tin nhn van ban}{subsection.3.2}% 19
\BOOKMARK [3][-]{subsubsection.3.2.2}{Gi file}{subsection.3.2}% 20
\BOOKMARK [3][-]{subsubsection.3.2.3}{\320i m\340u cuc tr\362 chuyn}{subsection.3.2}% 21
\BOOKMARK [1][-]{section.4}{Thit k chi tit}{}% 22
\BOOKMARK [2][-]{subsection.4.1}{Kin tr\372c tng qu\341t}{section.4}% 23
\BOOKMARK [2][-]{subsection.4.2}{Lc \040lp}{section.4}% 24
\BOOKMARK [1][-]{section.5}{\320\341nh gi\341 kt qua hin thc}{}% 25
\BOOKMARK [2][-]{subsection.5.1}{Khi ng server}{section.5}% 26
\BOOKMARK [2][-]{subsection.5.2}{\320ang nhp}{section.5}% 27
\BOOKMARK [2][-]{subsection.5.3}{Gi tin nhn}{section.5}% 28
\BOOKMARK [3][-]{subsubsection.5.3.1}{Gi tin nhn v\340o ph\362ng chat chung}{subsection.5.3}% 29
\BOOKMARK [3][-]{subsubsection.5.3.2}{Gi tin nhn ri\352ng cho user kh\341c}{subsection.5.3}% 30
\BOOKMARK [2][-]{subsection.5.4}{Chuyn trang th\341i hoat ng}{section.5}% 31
\BOOKMARK [1][-]{appendix.A}{Hng dn s dung}{}% 32
